C:\POLYPS\PROJECT\CMAKEFILES\GENERATE.STAMP
C:\polyps\project\Polyps.dir\Release\cl.command.1.tlog
C:\polyps\project\Polyps.dir\Release\CL.read.1.tlog
C:\polyps\project\Polyps.dir\Release\CL.write.1.tlog
C:\polyps\project\Polyps.dir\Release\custombuild.command.1.tlog
C:\polyps\project\Polyps.dir\Release\custombuild.read.1.tlog
C:\polyps\project\Polyps.dir\Release\custombuild.write.1.tlog
C:\polyps\project\Polyps.dir\Release\FeatureClassifier.obj
C:\POLYPS\PROJECT\POLYPS.DIR\RELEASE\FEATUREEXTRACTOR.OBJ
C:\POLYPS\PROJECT\POLYPS.DIR\RELEASE\FEATUREPRINTER.OBJ
C:\POLYPS\PROJECT\POLYPS.DIR\RELEASE\FWT.OBJ
C:\polyps\project\Polyps.dir\Release\link.command.1.tlog
C:\polyps\project\Polyps.dir\Release\link.read.1.tlog
C:\polyps\project\Polyps.dir\Release\link.write.1.tlog
C:\POLYPS\PROJECT\POLYPS.DIR\RELEASE\MAIN.OBJ
C:\polyps\project\Polyps.dir\Release\mt.command.1.tlog
C:\polyps\project\Polyps.dir\Release\mt.read.1.tlog
C:\polyps\project\Polyps.dir\Release\mt.write.1.tlog
C:\POLYPS\PROJECT\POLYPS.DIR\RELEASE\POLYPS.EXE.INTERMEDIATE.MANIFEST
C:\polyps\project\Polyps.dir\Release\Polyps.vcxprojResolveAssemblyReference.cache
C:\polyps\project\Polyps.dir\Release\Polyps.write.1.tlog
C:\POLYPS\PROJECT\RELEASE\POLYPS.EXE
